[0.498s] Invoking command in '/home/brandon/openmct-ros-test-ros/src/telemetry': PYTHONPATH=/home/brandon/openmct-ros-test-ros/build/telemetry/prefix_override:/home/brandon/openmct-ros-test-ros/install/telemetry/lib/python3.10/site-packages:${PYTHONPATH} /usr/bin/python3 setup.py egg_info --egg-base ../../build/telemetry build --build-base /home/brandon/openmct-ros-test-ros/build/telemetry/build install --record /home/brandon/openmct-ros-test-ros/build/telemetry/install.log --single-version-externally-managed
[0.653s] running egg_info
[0.654s] creating ../../build/telemetry/telemetry.egg-info
[0.654s] writing ../../build/telemetry/telemetry.egg-info/PKG-INFO
[0.654s] writing dependency_links to ../../build/telemetry/telemetry.egg-info/dependency_links.txt
[0.654s] writing entry points to ../../build/telemetry/telemetry.egg-info/entry_points.txt
[0.655s] writing requirements to ../../build/telemetry/telemetry.egg-info/requires.txt
[0.655s] writing top-level names to ../../build/telemetry/telemetry.egg-info/top_level.txt
[0.655s] writing manifest file '../../build/telemetry/telemetry.egg-info/SOURCES.txt'
[0.655s] reading manifest file '../../build/telemetry/telemetry.egg-info/SOURCES.txt'
[0.656s] writing manifest file '../../build/telemetry/telemetry.egg-info/SOURCES.txt'
[0.656s] running build
[0.656s] running build_py
[0.656s] creating /home/brandon/openmct-ros-test-ros/build/telemetry/build
[0.656s] creating /home/brandon/openmct-ros-test-ros/build/telemetry/build/lib
[0.657s] creating /home/brandon/openmct-ros-test-ros/build/telemetry/build/lib/telemetry
[0.657s] copying telemetry/telemetry_server.py -> /home/brandon/openmct-ros-test-ros/build/telemetry/build/lib/telemetry
[0.657s] copying telemetry/telemetry_source.py -> /home/brandon/openmct-ros-test-ros/build/telemetry/build/lib/telemetry
[0.657s] copying telemetry/__init__.py -> /home/brandon/openmct-ros-test-ros/build/telemetry/build/lib/telemetry
[0.657s] running install
[0.657s] running install_lib
[0.658s] creating /home/brandon/openmct-ros-test-ros/install/telemetry/lib/python3.10/site-packages/telemetry
[0.658s] copying /home/brandon/openmct-ros-test-ros/build/telemetry/build/lib/telemetry/telemetry_server.py -> /home/brandon/openmct-ros-test-ros/install/telemetry/lib/python3.10/site-packages/telemetry
[0.658s] copying /home/brandon/openmct-ros-test-ros/build/telemetry/build/lib/telemetry/telemetry_source.py -> /home/brandon/openmct-ros-test-ros/install/telemetry/lib/python3.10/site-packages/telemetry
[0.658s] copying /home/brandon/openmct-ros-test-ros/build/telemetry/build/lib/telemetry/__init__.py -> /home/brandon/openmct-ros-test-ros/install/telemetry/lib/python3.10/site-packages/telemetry
[0.658s] byte-compiling /home/brandon/openmct-ros-test-ros/install/telemetry/lib/python3.10/site-packages/telemetry/telemetry_server.py to telemetry_server.cpython-310.pyc
[0.659s] byte-compiling /home/brandon/openmct-ros-test-ros/install/telemetry/lib/python3.10/site-packages/telemetry/telemetry_source.py to telemetry_source.cpython-310.pyc
[0.659s] byte-compiling /home/brandon/openmct-ros-test-ros/install/telemetry/lib/python3.10/site-packages/telemetry/__init__.py to __init__.cpython-310.pyc
[0.659s] running install_data
[0.660s] creating /home/brandon/openmct-ros-test-ros/install/telemetry/share/ament_index
[0.660s] creating /home/brandon/openmct-ros-test-ros/install/telemetry/share/ament_index/resource_index
[0.660s] creating /home/brandon/openmct-ros-test-ros/install/telemetry/share/ament_index/resource_index/packages
[0.660s] copying resource/telemetry -> /home/brandon/openmct-ros-test-ros/install/telemetry/share/ament_index/resource_index/packages
[0.660s] copying package.xml -> /home/brandon/openmct-ros-test-ros/install/telemetry/share/telemetry
[0.660s] running install_egg_info
[0.661s] Copying ../../build/telemetry/telemetry.egg-info to /home/brandon/openmct-ros-test-ros/install/telemetry/lib/python3.10/site-packages/telemetry-0.0.0-py3.10.egg-info
[0.662s] running install_scripts
[0.675s] Installing telemetry_server script to /home/brandon/openmct-ros-test-ros/install/telemetry/lib/telemetry
[0.675s] Installing telemetry_source script to /home/brandon/openmct-ros-test-ros/install/telemetry/lib/telemetry
[0.676s] writing list of installed files to '/home/brandon/openmct-ros-test-ros/build/telemetry/install.log'
[0.695s] Invoked command in '/home/brandon/openmct-ros-test-ros/src/telemetry' returned '0': PYTHONPATH=/home/brandon/openmct-ros-test-ros/build/telemetry/prefix_override:/home/brandon/openmct-ros-test-ros/install/telemetry/lib/python3.10/site-packages:${PYTHONPATH} /usr/bin/python3 setup.py egg_info --egg-base ../../build/telemetry build --build-base /home/brandon/openmct-ros-test-ros/build/telemetry/build install --record /home/brandon/openmct-ros-test-ros/build/telemetry/install.log --single-version-externally-managed
