[0.944s] Invoking command in '/home/brandon/openmct-ros-test-ros/src/telemetry': PYTHONPATH=/home/brandon/openmct-ros-test-ros/build/telemetry/prefix_override:/home/brandon/openmct-ros-test-ros/install/telemetry/lib/python3.10/site-packages:${PYTHONPATH} /usr/bin/python3 setup.py egg_info --egg-base ../../build/telemetry build --build-base /home/brandon/openmct-ros-test-ros/build/telemetry/build install --record /home/brandon/openmct-ros-test-ros/build/telemetry/install.log --single-version-externally-managed
[1.195s] running egg_info
[1.195s] writing ../../build/telemetry/telemetry.egg-info/PKG-INFO
[1.195s] writing dependency_links to ../../build/telemetry/telemetry.egg-info/dependency_links.txt
[1.195s] writing entry points to ../../build/telemetry/telemetry.egg-info/entry_points.txt
[1.196s] writing requirements to ../../build/telemetry/telemetry.egg-info/requires.txt
[1.196s] writing top-level names to ../../build/telemetry/telemetry.egg-info/top_level.txt
[1.197s] reading manifest file '../../build/telemetry/telemetry.egg-info/SOURCES.txt'
[1.198s] writing manifest file '../../build/telemetry/telemetry.egg-info/SOURCES.txt'
[1.199s] running build
[1.199s] running build_py
[1.199s] copying telemetry/telemetry_server.py -> /home/brandon/openmct-ros-test-ros/build/telemetry/build/lib/telemetry
[1.199s] running install
[1.199s] running install_lib
[1.200s] copying /home/brandon/openmct-ros-test-ros/build/telemetry/build/lib/telemetry/telemetry_server.py -> /home/brandon/openmct-ros-test-ros/install/telemetry/lib/python3.10/site-packages/telemetry
[1.200s] byte-compiling /home/brandon/openmct-ros-test-ros/install/telemetry/lib/python3.10/site-packages/telemetry/telemetry_server.py to telemetry_server.cpython-310.pyc
[1.201s] running install_data
[1.201s] running install_egg_info
[1.202s] removing '/home/brandon/openmct-ros-test-ros/install/telemetry/lib/python3.10/site-packages/telemetry-0.0.0-py3.10.egg-info' (and everything under it)
[1.202s] Copying ../../build/telemetry/telemetry.egg-info to /home/brandon/openmct-ros-test-ros/install/telemetry/lib/python3.10/site-packages/telemetry-0.0.0-py3.10.egg-info
[1.203s] running install_scripts
[1.219s] Installing telemetry_server script to /home/brandon/openmct-ros-test-ros/install/telemetry/lib/telemetry
[1.219s] Installing telemetry_source script to /home/brandon/openmct-ros-test-ros/install/telemetry/lib/telemetry
[1.220s] writing list of installed files to '/home/brandon/openmct-ros-test-ros/build/telemetry/install.log'
[1.253s] Invoked command in '/home/brandon/openmct-ros-test-ros/src/telemetry' returned '0': PYTHONPATH=/home/brandon/openmct-ros-test-ros/build/telemetry/prefix_override:/home/brandon/openmct-ros-test-ros/install/telemetry/lib/python3.10/site-packages:${PYTHONPATH} /usr/bin/python3 setup.py egg_info --egg-base ../../build/telemetry build --build-base /home/brandon/openmct-ros-test-ros/build/telemetry/build install --record /home/brandon/openmct-ros-test-ros/build/telemetry/install.log --single-version-externally-managed
