[1.327s] DEBUG:colcon:Command line arguments: ['/usr/bin/colcon', 'build']
[1.327s] DEBUG:colcon:Parsed command line arguments: Namespace(log_base=None, log_level=None, verb_name='build', build_base='build', install_base='install', merge_install=False, symlink_install=False, test_result_base=None, continue_on_error=False, executor='parallel', parallel_workers=8, event_handlers=None, ignore_user_meta=False, metas=['./colcon.meta'], base_paths=['.'], packages_ignore=None, packages_ignore_regex=None, paths=None, packages_up_to=None, packages_up_to_regex=None, packages_above=None, packages_above_and_dependencies=None, packages_above_depth=None, packages_select_by_dep=None, packages_skip_by_dep=None, packages_skip_up_to=None, packages_select_build_failed=False, packages_skip_build_finished=False, packages_select_test_failures=False, packages_skip_test_passed=False, packages_select=None, packages_skip=None, packages_select_regex=None, packages_skip_regex=None, packages_start=None, packages_end=None, allow_overriding=[], cmake_args=None, cmake_target=None, cmake_target_skip_unavailable=False, cmake_clean_cache=False, cmake_clean_first=False, cmake_force_configure=False, ament_cmake_args=None, catkin_cmake_args=None, catkin_skip_building_tests=False, verb_parser=<colcon_defaults.argument_parser.defaults.DefaultArgumentsDecorator object at 0x7f64e5df0160>, verb_extension=<colcon_core.verb.build.BuildVerb object at 0x7f64e5df1210>, main=<bound method BuildVerb.main of <colcon_core.verb.build.BuildVerb object at 0x7f64e5df1210>>)
[1.410s] Level 1:colcon.colcon_core.package_discovery:discover_packages(colcon_meta) check parameters
[1.411s] Level 1:colcon.colcon_core.package_discovery:discover_packages(recursive) check parameters
[1.411s] Level 1:colcon.colcon_core.package_discovery:discover_packages(ignore) check parameters
[1.411s] Level 1:colcon.colcon_core.package_discovery:discover_packages(path) check parameters
[1.411s] Level 1:colcon.colcon_core.package_discovery:discover_packages(colcon_meta) discover
[1.411s] Level 1:colcon.colcon_core.package_discovery:discover_packages(recursive) discover
[1.411s] INFO:colcon.colcon_core.package_discovery:Crawling recursively for packages in '/home/brandon/openmct-ros-test-ros'
[1.411s] Level 1:colcon.colcon_core.package_identification:_identify(.) by extensions ['ignore', 'ignore_ament_install']
[1.411s] Level 1:colcon.colcon_core.package_identification:_identify(.) by extension 'ignore'
[1.411s] Level 1:colcon.colcon_core.package_identification:_identify(.) by extension 'ignore_ament_install'
[1.411s] Level 1:colcon.colcon_core.package_identification:_identify(.) by extensions ['colcon_pkg']
[1.411s] Level 1:colcon.colcon_core.package_identification:_identify(.) by extension 'colcon_pkg'
[1.411s] Level 1:colcon.colcon_core.package_identification:_identify(.) by extensions ['colcon_meta']
[1.411s] Level 1:colcon.colcon_core.package_identification:_identify(.) by extension 'colcon_meta'
[1.412s] Level 1:colcon.colcon_core.package_identification:_identify(.) by extensions ['ros']
[1.412s] Level 1:colcon.colcon_core.package_identification:_identify(.) by extension 'ros'
[1.432s] Level 1:colcon.colcon_core.package_identification:_identify(.) by extensions ['cmake', 'python']
[1.432s] Level 1:colcon.colcon_core.package_identification:_identify(.) by extension 'cmake'
[1.432s] Level 1:colcon.colcon_core.package_identification:_identify(.) by extension 'python'
[1.433s] Level 1:colcon.colcon_core.package_identification:_identify(.) by extensions ['python_setup_py']
[1.433s] Level 1:colcon.colcon_core.package_identification:_identify(.) by extension 'python_setup_py'
[1.433s] Level 1:colcon.colcon_core.package_identification:_identify(build) by extensions ['ignore', 'ignore_ament_install']
[1.433s] Level 1:colcon.colcon_core.package_identification:_identify(build) by extension 'ignore'
[1.433s] Level 1:colcon.colcon_core.package_identification:_identify(build) ignored
[1.433s] Level 1:colcon.colcon_core.package_identification:_identify(install) by extensions ['ignore', 'ignore_ament_install']
[1.433s] Level 1:colcon.colcon_core.package_identification:_identify(install) by extension 'ignore'
[1.433s] Level 1:colcon.colcon_core.package_identification:_identify(install) ignored
[1.433s] Level 1:colcon.colcon_core.package_identification:_identify(launch) by extensions ['ignore', 'ignore_ament_install']
[1.433s] Level 1:colcon.colcon_core.package_identification:_identify(launch) by extension 'ignore'
[1.433s] Level 1:colcon.colcon_core.package_identification:_identify(launch) by extension 'ignore_ament_install'
[1.433s] Level 1:colcon.colcon_core.package_identification:_identify(launch) by extensions ['colcon_pkg']
[1.434s] Level 1:colcon.colcon_core.package_identification:_identify(launch) by extension 'colcon_pkg'
[1.434s] Level 1:colcon.colcon_core.package_identification:_identify(launch) by extensions ['colcon_meta']
[1.434s] Level 1:colcon.colcon_core.package_identification:_identify(launch) by extension 'colcon_meta'
[1.434s] Level 1:colcon.colcon_core.package_identification:_identify(launch) by extensions ['ros']
[1.434s] Level 1:colcon.colcon_core.package_identification:_identify(launch) by extension 'ros'
[1.434s] Level 1:colcon.colcon_core.package_identification:_identify(launch) by extensions ['cmake', 'python']
[1.434s] Level 1:colcon.colcon_core.package_identification:_identify(launch) by extension 'cmake'
[1.434s] Level 1:colcon.colcon_core.package_identification:_identify(launch) by extension 'python'
[1.434s] Level 1:colcon.colcon_core.package_identification:_identify(launch) by extensions ['python_setup_py']
[1.434s] Level 1:colcon.colcon_core.package_identification:_identify(launch) by extension 'python_setup_py'
[1.434s] Level 1:colcon.colcon_core.package_identification:_identify(launch/__pycache__) by extensions ['ignore', 'ignore_ament_install']
[1.434s] Level 1:colcon.colcon_core.package_identification:_identify(launch/__pycache__) by extension 'ignore'
[1.434s] Level 1:colcon.colcon_core.package_identification:_identify(launch/__pycache__) by extension 'ignore_ament_install'
[1.434s] Level 1:colcon.colcon_core.package_identification:_identify(launch/__pycache__) by extensions ['colcon_pkg']
[1.434s] Level 1:colcon.colcon_core.package_identification:_identify(launch/__pycache__) by extension 'colcon_pkg'
[1.434s] Level 1:colcon.colcon_core.package_identification:_identify(launch/__pycache__) by extensions ['colcon_meta']
[1.434s] Level 1:colcon.colcon_core.package_identification:_identify(launch/__pycache__) by extension 'colcon_meta'
[1.434s] Level 1:colcon.colcon_core.package_identification:_identify(launch/__pycache__) by extensions ['ros']
[1.435s] Level 1:colcon.colcon_core.package_identification:_identify(launch/__pycache__) by extension 'ros'
[1.435s] Level 1:colcon.colcon_core.package_identification:_identify(launch/__pycache__) by extensions ['cmake', 'python']
[1.435s] Level 1:colcon.colcon_core.package_identification:_identify(launch/__pycache__) by extension 'cmake'
[1.435s] Level 1:colcon.colcon_core.package_identification:_identify(launch/__pycache__) by extension 'python'
[1.435s] Level 1:colcon.colcon_core.package_identification:_identify(launch/__pycache__) by extensions ['python_setup_py']
[1.435s] Level 1:colcon.colcon_core.package_identification:_identify(launch/__pycache__) by extension 'python_setup_py'
[1.435s] Level 1:colcon.colcon_core.package_identification:_identify(log) by extensions ['ignore', 'ignore_ament_install']
[1.435s] Level 1:colcon.colcon_core.package_identification:_identify(log) by extension 'ignore'
[1.435s] Level 1:colcon.colcon_core.package_identification:_identify(log) ignored
[1.435s] Level 1:colcon.colcon_core.package_identification:_identify(src) by extensions ['ignore', 'ignore_ament_install']
[1.435s] Level 1:colcon.colcon_core.package_identification:_identify(src) by extension 'ignore'
[1.435s] Level 1:colcon.colcon_core.package_identification:_identify(src) by extension 'ignore_ament_install'
[1.435s] Level 1:colcon.colcon_core.package_identification:_identify(src) by extensions ['colcon_pkg']
[1.435s] Level 1:colcon.colcon_core.package_identification:_identify(src) by extension 'colcon_pkg'
[1.435s] Level 1:colcon.colcon_core.package_identification:_identify(src) by extensions ['colcon_meta']
[1.435s] Level 1:colcon.colcon_core.package_identification:_identify(src) by extension 'colcon_meta'
[1.435s] Level 1:colcon.colcon_core.package_identification:_identify(src) by extensions ['ros']
[1.435s] Level 1:colcon.colcon_core.package_identification:_identify(src) by extension 'ros'
[1.436s] Level 1:colcon.colcon_core.package_identification:_identify(src) by extensions ['cmake', 'python']
[1.436s] Level 1:colcon.colcon_core.package_identification:_identify(src) by extension 'cmake'
[1.436s] Level 1:colcon.colcon_core.package_identification:_identify(src) by extension 'python'
[1.436s] Level 1:colcon.colcon_core.package_identification:_identify(src) by extensions ['python_setup_py']
[1.436s] Level 1:colcon.colcon_core.package_identification:_identify(src) by extension 'python_setup_py'
[1.436s] Level 1:colcon.colcon_core.package_identification:_identify(src/telemetry) by extensions ['ignore', 'ignore_ament_install']
[1.436s] Level 1:colcon.colcon_core.package_identification:_identify(src/telemetry) by extension 'ignore'
[1.436s] Level 1:colcon.colcon_core.package_identification:_identify(src/telemetry) by extension 'ignore_ament_install'
[1.436s] Level 1:colcon.colcon_core.package_identification:_identify(src/telemetry) by extensions ['colcon_pkg']
[1.436s] Level 1:colcon.colcon_core.package_identification:_identify(src/telemetry) by extension 'colcon_pkg'
[1.436s] Level 1:colcon.colcon_core.package_identification:_identify(src/telemetry) by extensions ['colcon_meta']
[1.436s] Level 1:colcon.colcon_core.package_identification:_identify(src/telemetry) by extension 'colcon_meta'
[1.436s] Level 1:colcon.colcon_core.package_identification:_identify(src/telemetry) by extensions ['ros']
[1.436s] Level 1:colcon.colcon_core.package_identification:_identify(src/telemetry) by extension 'ros'
[1.438s] DEBUG:colcon.colcon_core.package_identification:Package 'src/telemetry' with type 'ros.ament_python' and name 'telemetry'
[1.439s] Level 1:colcon.colcon_core.package_discovery:discover_packages(recursive) using defaults
[1.439s] Level 1:colcon.colcon_core.package_discovery:discover_packages(ignore) discover
[1.439s] Level 1:colcon.colcon_core.package_discovery:discover_packages(ignore) using defaults
[1.439s] Level 1:colcon.colcon_core.package_discovery:discover_packages(path) discover
[1.439s] Level 1:colcon.colcon_core.package_discovery:discover_packages(path) using defaults
[1.552s] Level 1:colcon.colcon_core.package_discovery:discover_packages(prefix_path) check parameters
[1.552s] Level 1:colcon.colcon_core.package_discovery:discover_packages(prefix_path) discover
[1.590s] DEBUG:colcon.colcon_installed_package_information.package_discovery:Found 1 installed packages in /home/brandon/openmct-ros-test-ros/install
[1.610s] DEBUG:colcon.colcon_installed_package_information.package_discovery:Found 194 installed packages in /opt/ros/iron
[1.612s] Level 1:colcon.colcon_core.package_discovery:discover_packages(prefix_path) using defaults
[1.690s] Level 5:colcon.colcon_core.verb:set package 'telemetry' build argument 'cmake_args' from command line to 'None'
[1.690s] Level 5:colcon.colcon_core.verb:set package 'telemetry' build argument 'cmake_target' from command line to 'None'
[1.690s] Level 5:colcon.colcon_core.verb:set package 'telemetry' build argument 'cmake_target_skip_unavailable' from command line to 'False'
[1.690s] Level 5:colcon.colcon_core.verb:set package 'telemetry' build argument 'cmake_clean_cache' from command line to 'False'
[1.690s] Level 5:colcon.colcon_core.verb:set package 'telemetry' build argument 'cmake_clean_first' from command line to 'False'
[1.690s] Level 5:colcon.colcon_core.verb:set package 'telemetry' build argument 'cmake_force_configure' from command line to 'False'
[1.690s] Level 5:colcon.colcon_core.verb:set package 'telemetry' build argument 'ament_cmake_args' from command line to 'None'
[1.690s] Level 5:colcon.colcon_core.verb:set package 'telemetry' build argument 'catkin_cmake_args' from command line to 'None'
[1.690s] Level 5:colcon.colcon_core.verb:set package 'telemetry' build argument 'catkin_skip_building_tests' from command line to 'False'
[1.690s] DEBUG:colcon.colcon_core.verb:Building package 'telemetry' with the following arguments: {'ament_cmake_args': None, 'build_base': '/home/brandon/openmct-ros-test-ros/build/telemetry', 'catkin_cmake_args': None, 'catkin_skip_building_tests': False, 'cmake_args': None, 'cmake_clean_cache': False, 'cmake_clean_first': False, 'cmake_force_configure': False, 'cmake_target': None, 'cmake_target_skip_unavailable': False, 'install_base': '/home/brandon/openmct-ros-test-ros/install/telemetry', 'merge_install': False, 'path': '/home/brandon/openmct-ros-test-ros/src/telemetry', 'symlink_install': False, 'test_result_base': None}
[1.701s] INFO:colcon.colcon_core.executor:Executing jobs using 'parallel' executor
[1.716s] DEBUG:colcon.colcon_parallel_executor.executor.parallel:run_until_complete
[1.716s] INFO:colcon.colcon_ros.task.ament_python.build:Building ROS package in '/home/brandon/openmct-ros-test-ros/src/telemetry' with build type 'ament_python'
[1.716s] Level 1:colcon.colcon_core.shell:create_environment_hook('telemetry', 'ament_prefix_path')
[1.736s] INFO:colcon.colcon_core.plugin_system:Skipping extension 'colcon_core.shell.bat': Not used on non-Windows systems
[1.736s] INFO:colcon.colcon_core.shell:Creating environment hook '/home/brandon/openmct-ros-test-ros/install/telemetry/share/telemetry/hook/ament_prefix_path.ps1'
[1.737s] INFO:colcon.colcon_core.shell:Creating environment descriptor '/home/brandon/openmct-ros-test-ros/install/telemetry/share/telemetry/hook/ament_prefix_path.dsv'
[1.737s] INFO:colcon.colcon_core.shell:Creating environment hook '/home/brandon/openmct-ros-test-ros/install/telemetry/share/telemetry/hook/ament_prefix_path.sh'
[1.755s] INFO:colcon.colcon_core.shell:Skip shell extension 'powershell' for command environment: Not usable outside of PowerShell
[1.755s] DEBUG:colcon.colcon_core.shell:Skip shell extension 'dsv' for command environment
[2.206s] INFO:colcon.colcon_core.task.python.build:Building Python package in '/home/brandon/openmct-ros-test-ros/src/telemetry'
[2.215s] INFO:colcon.colcon_core.shell:Skip shell extension 'powershell' for command environment: Not usable outside of PowerShell
[2.215s] DEBUG:colcon.colcon_core.shell:Skip shell extension 'dsv' for command environment
[2.661s] DEBUG:colcon.colcon_core.event_handler.log_command:Invoking command in '/home/brandon/openmct-ros-test-ros/src/telemetry': PYTHONPATH=/home/brandon/openmct-ros-test-ros/build/telemetry/prefix_override:/home/brandon/openmct-ros-test-ros/install/telemetry/lib/python3.10/site-packages:${PYTHONPATH} /usr/bin/python3 setup.py egg_info --egg-base ../../build/telemetry build --build-base /home/brandon/openmct-ros-test-ros/build/telemetry/build install --record /home/brandon/openmct-ros-test-ros/build/telemetry/install.log --single-version-externally-managed
[2.970s] DEBUG:colcon.colcon_core.event_handler.log_command:Invoked command in '/home/brandon/openmct-ros-test-ros/src/telemetry' returned '0': PYTHONPATH=/home/brandon/openmct-ros-test-ros/build/telemetry/prefix_override:/home/brandon/openmct-ros-test-ros/install/telemetry/lib/python3.10/site-packages:${PYTHONPATH} /usr/bin/python3 setup.py egg_info --egg-base ../../build/telemetry build --build-base /home/brandon/openmct-ros-test-ros/build/telemetry/build install --record /home/brandon/openmct-ros-test-ros/build/telemetry/install.log --single-version-externally-managed
[2.981s] Level 1:colcon.colcon_core.environment:checking '/home/brandon/openmct-ros-test-ros/install/telemetry' for CMake module files
[2.981s] Level 1:colcon.colcon_core.environment:checking '/home/brandon/openmct-ros-test-ros/install/telemetry' for CMake config files
[2.982s] Level 1:colcon.colcon_core.environment:checking '/home/brandon/openmct-ros-test-ros/install/telemetry/lib'
[2.982s] Level 1:colcon.colcon_core.environment:checking '/home/brandon/openmct-ros-test-ros/install/telemetry/bin'
[2.982s] Level 1:colcon.colcon_core.environment:checking '/home/brandon/openmct-ros-test-ros/install/telemetry/lib/pkgconfig/telemetry.pc'
[2.982s] Level 1:colcon.colcon_core.environment:checking '/home/brandon/openmct-ros-test-ros/install/telemetry/lib/python3.10/site-packages'
[2.982s] Level 1:colcon.colcon_core.shell:create_environment_hook('telemetry', 'pythonpath')
[2.995s] INFO:colcon.colcon_core.shell:Creating environment hook '/home/brandon/openmct-ros-test-ros/install/telemetry/share/telemetry/hook/pythonpath.ps1'
[2.995s] INFO:colcon.colcon_core.shell:Creating environment descriptor '/home/brandon/openmct-ros-test-ros/install/telemetry/share/telemetry/hook/pythonpath.dsv'
[2.996s] INFO:colcon.colcon_core.shell:Creating environment hook '/home/brandon/openmct-ros-test-ros/install/telemetry/share/telemetry/hook/pythonpath.sh'
[2.996s] Level 1:colcon.colcon_core.environment:checking '/home/brandon/openmct-ros-test-ros/install/telemetry/bin'
[2.996s] Level 1:colcon.colcon_core.environment:create_environment_scripts_only(telemetry)
[3.007s] INFO:colcon.colcon_core.shell:Creating package script '/home/brandon/openmct-ros-test-ros/install/telemetry/share/telemetry/package.ps1'
[3.008s] INFO:colcon.colcon_core.shell:Creating package descriptor '/home/brandon/openmct-ros-test-ros/install/telemetry/share/telemetry/package.dsv'
[3.008s] INFO:colcon.colcon_core.shell:Creating package script '/home/brandon/openmct-ros-test-ros/install/telemetry/share/telemetry/package.sh'
[3.009s] INFO:colcon.colcon_core.shell:Creating package script '/home/brandon/openmct-ros-test-ros/install/telemetry/share/telemetry/package.bash'
[3.009s] INFO:colcon.colcon_core.shell:Creating package script '/home/brandon/openmct-ros-test-ros/install/telemetry/share/telemetry/package.zsh'
[3.010s] Level 1:colcon.colcon_core.environment:create_file_with_runtime_dependencies(/home/brandon/openmct-ros-test-ros/install/telemetry/share/colcon-core/packages/telemetry)
[3.010s] DEBUG:colcon.colcon_parallel_executor.executor.parallel:closing loop
[3.010s] DEBUG:colcon.colcon_parallel_executor.executor.parallel:loop closed
[3.010s] DEBUG:colcon.colcon_parallel_executor.executor.parallel:run_until_complete finished with '0'
[3.011s] DEBUG:colcon.colcon_core.event_reactor:joining thread
[3.061s] INFO:colcon.colcon_core.plugin_system:Skipping extension 'colcon_notification.desktop_notification.notify_send': Could not find 'notify-send'
[3.061s] INFO:colcon.colcon_core.plugin_system:Skipping extension 'colcon_notification.desktop_notification.terminal_notifier': Not used on non-Darwin systems
[3.061s] INFO:colcon.colcon_core.plugin_system:Skipping extension 'colcon_notification.desktop_notification.win32': Not used on non-Windows systems
[3.061s] INFO:colcon.colcon_notification.desktop_notification:Sending desktop notification using 'notify2'
[3.061s] DEBUG:colcon.colcon_notification.desktop_notification.notify2:Failed to initialize notify2: org.freedesktop.DBus.Error.FileNotFound: Failed to connect to socket /run/user/1000/bus: No such file or directory
[3.061s] DEBUG:colcon.colcon_core.event_reactor:joined thread
[3.070s] INFO:colcon.colcon_core.shell:Creating prefix script '/home/brandon/openmct-ros-test-ros/install/local_setup.ps1'
[3.071s] INFO:colcon.colcon_core.shell:Creating prefix util module '/home/brandon/openmct-ros-test-ros/install/_local_setup_util_ps1.py'
[3.072s] INFO:colcon.colcon_core.shell:Creating prefix chain script '/home/brandon/openmct-ros-test-ros/install/setup.ps1'
[3.082s] INFO:colcon.colcon_core.shell:Creating prefix script '/home/brandon/openmct-ros-test-ros/install/local_setup.sh'
[3.082s] INFO:colcon.colcon_core.shell:Creating prefix util module '/home/brandon/openmct-ros-test-ros/install/_local_setup_util_sh.py'
[3.083s] INFO:colcon.colcon_core.shell:Creating prefix chain script '/home/brandon/openmct-ros-test-ros/install/setup.sh'
[3.094s] INFO:colcon.colcon_core.shell:Creating prefix script '/home/brandon/openmct-ros-test-ros/install/local_setup.bash'
[3.094s] INFO:colcon.colcon_core.shell:Creating prefix chain script '/home/brandon/openmct-ros-test-ros/install/setup.bash'
[3.104s] INFO:colcon.colcon_core.shell:Creating prefix script '/home/brandon/openmct-ros-test-ros/install/local_setup.zsh'
[3.104s] INFO:colcon.colcon_core.shell:Creating prefix chain script '/home/brandon/openmct-ros-test-ros/install/setup.zsh'
